Using pre-set license
Built from '2021.3/staging' branch; Version is '2021.3.5f1 (40eb3a945986) revision 4254522'; Using compiler version '192829333'; Build Type 'Release'
OS: 'Windows 10  (10.0.19044) 64bit Core' Language: 'ko' Physical Memory: 16330 MB
BatchMode: 1, IsHumanControllingUs: 0, StartBugReporterOnCrash: 0, Is64bit: 1, IsPro: 1

COMMAND LINE ARGUMENTS:
D:\Unitys\2021.3.5f1\Editor\Unity.exe
-adb2
-batchMode
-noUpm
-name
AssetImportWorker0
-projectPath
E:/ProjectGit/VemslikePJ/VemslikePJ/VemsPJ
-logFile
Logs/AssetImportWorker0.log
-srvPort
51831
Successfully changed project path to: E:/ProjectGit/VemslikePJ/VemslikePJ/VemsPJ
E:/ProjectGit/VemslikePJ/VemslikePJ/VemsPJ
[UnityMemory] Configuration Parameters - Can be set up in boot.config
    "memorysetup-bucket-allocator-granularity=16"
    "memorysetup-bucket-allocator-bucket-count=8"
    "memorysetup-bucket-allocator-block-size=33554432"
    "memorysetup-bucket-allocator-block-count=8"
    "memorysetup-main-allocator-block-size=16777216"
    "memorysetup-thread-allocator-block-size=16777216"
    "memorysetup-gfx-main-allocator-block-size=16777216"
    "memorysetup-gfx-thread-allocator-block-size=16777216"
    "memorysetup-cache-allocator-block-size=4194304"
    "memorysetup-typetree-allocator-block-size=2097152"
    "memorysetup-profiler-bucket-allocator-granularity=16"
    "memorysetup-profiler-bucket-allocator-bucket-count=8"
    "memorysetup-profiler-bucket-allocator-block-size=33554432"
    "memorysetup-profiler-bucket-allocator-block-count=8"
    "memorysetup-profiler-allocator-block-size=16777216"
    "memorysetup-profiler-editor-allocator-block-size=1048576"
    "memorysetup-temp-allocator-size-main=16777216"
    "memorysetup-job-temp-allocator-block-size=2097152"
    "memorysetup-job-temp-allocator-block-size-background=1048576"
    "memorysetup-job-temp-allocator-reduction-small-platforms=262144"
    "memorysetup-temp-allocator-size-background-worker=32768"
    "memorysetup-temp-allocator-size-job-worker=262144"
    "memorysetup-temp-allocator-size-preload-manager=33554432"
    "memorysetup-temp-allocator-size-nav-mesh-worker=65536"
    "memorysetup-temp-allocator-size-audio-worker=65536"
    "memorysetup-temp-allocator-size-cloud-worker=32768"
    "memorysetup-temp-allocator-size-gi-baking-worker=262144"
    "memorysetup-temp-allocator-size-gfx=262144"
Refreshing native plugins compatible for Editor in 71.27 ms, found 3 plugins.
Preloading 0 native plugins for Editor in 0.00 ms.
Initialize engine version: 2021.3.5f1 (40eb3a945986)
[Subsystems] Discovering subsystems at path D:/Unitys/2021.3.5f1/Editor/Data/Resources/UnitySubsystems
[Subsystems] Discovering subsystems at path E:/ProjectGit/VemslikePJ/VemslikePJ/VemsPJ/Assets
GfxDevice: creating device client; threaded=0; jobified=0
Direct3D:
    Version:  Direct3D 11.0 [level 11.1]
    Renderer: NVIDIA GeForce RTX 3070 (ID=0x2484)
    Vendor:   NVIDIA
    VRAM:     8043 MB
    Driver:   31.0.15.1694
Initialize mono
Mono path[0] = 'D:/Unitys/2021.3.5f1/Editor/Data/Managed'
Mono path[1] = 'D:/Unitys/2021.3.5f1/Editor/Data/MonoBleedingEdge/lib/mono/unityjit-win32'
Mono config path = 'D:/Unitys/2021.3.5f1/Editor/Data/MonoBleedingEdge/etc'
Using monoOptions --debugger-agent=transport=dt_socket,embedding=1,server=y,suspend=n,address=127.0.0.1:56100
Begin MonoManager ReloadAssembly
Registering precompiled unity dll's ...
Register platform support module: D:/Unitys/2021.3.5f1/Editor/Data/PlaybackEngines/WebGLSupport/UnityEditor.WebGL.Extensions.dll
Register platform support module: D:/Unitys/2021.3.5f1/Editor/Data/PlaybackEngines/AndroidPlayer/UnityEditor.Android.Extensions.dll
Register platform support module: D:/Unitys/2021.3.5f1/Editor/Data/PlaybackEngines/iOSSupport/UnityEditor.iOS.Extensions.dll
Register platform support module: D:/Unitys/2021.3.5f1/Editor/Data/PlaybackEngines/WindowsStandaloneSupport/UnityEditor.WindowsStandalone.Extensions.dll
Register platform support module: D:/Unitys/2021.3.5f1/Editor/Data/PlaybackEngines/MetroSupport/UnityEditor.UWP.Extensions.dll
Registered in 0.003468 seconds.
Native extension for UWP target not found
Native extension for WindowsStandalone target not found
[usbmuxd] Start listen thread
[usbmuxd] Listen thread started
Native extension for iOS target not found
Native extension for Android target not found
Native extension for WebGL target not found
Refreshing native plugins compatible for Editor in 61.97 ms, found 3 plugins.
Preloading 0 native plugins for Editor in 0.00 ms.
Mono: successfully reloaded assembly
- Completed reload, in  0.511 seconds
Domain Reload Profiling:
	ReloadAssembly (511ms)
		BeginReloadAssembly (76ms)
			ExecutionOrderSort (0ms)
			DisableScriptedObjects (0ms)
			BackupInstance (0ms)
			ReleaseScriptingObjects (0ms)
			CreateAndSetChildDomain (1ms)
		EndReloadAssembly (358ms)
			LoadAssemblies (78ms)
			RebuildTransferFunctionScriptingTraits (0ms)
			SetupTypeCache (80ms)
			ReleaseScriptCaches (0ms)
			RebuildScriptCaches (19ms)
			SetupLoadedEditorAssemblies (221ms)
				LogAssemblyErrors (0ms)
				InitializePlatformSupportModulesInManaged (49ms)
				SetLoadedEditorAssemblies (1ms)
				RefreshPlugins (62ms)
				BeforeProcessingInitializeOnLoad (1ms)
				ProcessInitializeOnLoadAttributes (71ms)
				ProcessInitializeOnLoadMethodAttributes (37ms)
				AfterProcessingInitializeOnLoad (0ms)
				EditorAssembliesLoaded (0ms)
			ExecutionOrderSort2 (0ms)
			AwakeInstancesAfterBackupRestoration (0ms)
Platform modules already initialized, skipping
Registering precompiled user dll's ...
Registered in 0.004372 seconds.
Begin MonoManager ReloadAssembly
Symbol file LoadedFromMemory doesn't match image E:\ProjectGit\VemslikePJ\VemslikePJ\VemsPJ\Library\PackageCache\com.unity.visualscripting@1.7.8\Editor\VisualScripting.Core\Dependencies\YamlDotNet\Unity.VisualScripting.YamlDotNet.dll
Symbol file LoadedFromMemory doesn't match image E:\ProjectGit\VemslikePJ\VemslikePJ\VemsPJ\Library\PackageCache\com.unity.visualscripting@1.7.8\Editor\VisualScripting.Core\Dependencies\DotNetZip\Unity.VisualScripting.IonicZip.dll
Native extension for UWP target not found
Native extension for WindowsStandalone target not found
Native extension for iOS target not found
Native extension for Android target not found
Native extension for WebGL target not found
Refreshing native plugins compatible for Editor in 0.62 ms, found 3 plugins.
Preloading 0 native plugins for Editor in 0.00 ms.
Mono: successfully reloaded assembly
- Completed reload, in  0.878 seconds
Domain Reload Profiling:
	ReloadAssembly (879ms)
		BeginReloadAssembly (218ms)
			ExecutionOrderSort (0ms)
			DisableScriptedObjects (4ms)
			BackupInstance (0ms)
			ReleaseScriptingObjects (0ms)
			CreateAndSetChildDomain (129ms)
		EndReloadAssembly (578ms)
			LoadAssemblies (89ms)
			RebuildTransferFunctionScriptingTraits (0ms)
			SetupTypeCache (186ms)
			ReleaseScriptCaches (0ms)
			RebuildScriptCaches (37ms)
			SetupLoadedEditorAssemblies (261ms)
				LogAssemblyErrors (0ms)
				InitializePlatformSupportModulesInManaged (17ms)
				SetLoadedEditorAssemblies (0ms)
				RefreshPlugins (1ms)
				BeforeProcessingInitializeOnLoad (60ms)
				ProcessInitializeOnLoadAttributes (160ms)
				ProcessInitializeOnLoadMethodAttributes (21ms)
				AfterProcessingInitializeOnLoad (3ms)
				EditorAssembliesLoaded (0ms)
			ExecutionOrderSort2 (0ms)
			AwakeInstancesAfterBackupRestoration (10ms)
Platform modules already initialized, skipping
========================================================================
Worker process is ready to serve import requests
Launched and connected shader compiler UnityShaderCompiler.exe after 0.07 seconds
Refreshing native plugins compatible for Editor in 0.65 ms, found 3 plugins.
Preloading 0 native plugins for Editor in 0.00 ms.
Unloading 3369 Unused Serialized files (Serialized files now loaded: 0)
Unloading 27 unused Assets / (111.0 KB). Loaded Objects now: 3828.
Memory consumption went from 115.9 MB to 115.8 MB.
Total: 3.125600 ms (FindLiveObjects: 0.228000 ms CreateObjectMapping: 0.148700 ms MarkObjects: 2.581600 ms  DeleteObjects: 0.166300 ms)

AssetImportParameters requested are different than current active one (requested -> active):
  custom:video-decoder-ogg-theora: a1e56fd34408186e4bbccfd4996cb3dc -> 
  custom:container-muxer-webm: aa71ff27fc2769a1b78a27578f13a17b -> 
  custom:container-demuxer-webm: 4f35f7cbe854078d1ac9338744f61a02 -> 
  custom:video-encoder-webm-vp8: eb34c28f22e8b96e1ab97ce403110664 -> 
  custom:audio-encoder-webm-vorbis: bf7c407c2cedff20999df2af8eb42d56 -> 
  custom:framework-win-MediaFoundation: 216162199b28c13a410421893ffa2e32 -> 
  custom:container-demuxer-ogg: 62fdf1f143b41e24485cea50d1cbac27 -> 
  custom:video-decoder-webm-vp8: 9c59270c3fd7afecdb556c50c9e8de78 -> 
  custom:audio-decoder-ogg-vorbis: bf7c407c2cedff20999df2af8eb42d56 -> 
========================================================================
Received Import Request.
  Time since last request: 965064.465741 seconds.
  path: Assets/Resources
  artifactKey: Guid(a0441bf4fb9644944a52af50128e81e5) Importer(815301076,1909f56bfc062723c751e8b465ee728b)
Start importing Assets/Resources using Guid(a0441bf4fb9644944a52af50128e81e5) Importer(815301076,1909f56bfc062723c751e8b465ee728b)  -> (artifact id: '22178e8cb25db49cdf03b1bf985b7927') in 0.011477 seconds 
========================================================================
Received Import Request.
  Time since last request: 2.098596 seconds.
  path: Assets/Resources/UI
  artifactKey: Guid(a436ffb2ff9d78a41b76898c28efd830) Importer(815301076,1909f56bfc062723c751e8b465ee728b)
Start importing Assets/Resources/UI using Guid(a436ffb2ff9d78a41b76898c28efd830) Importer(815301076,1909f56bfc062723c751e8b465ee728b)  -> (artifact id: '6f53d1c51ba16940c770e6fb2e1e3279') in 0.001734 seconds 
========================================================================
Received Prepare
Registering precompiled user dll's ...
Registered in 0.004399 seconds.
Begin MonoManager ReloadAssembly
Symbol file LoadedFromMemory doesn't match image E:\ProjectGit\VemslikePJ\VemslikePJ\VemsPJ\Library\PackageCache\com.unity.visualscripting@1.7.8\Editor\VisualScripting.Core\Dependencies\YamlDotNet\Unity.VisualScripting.YamlDotNet.dll
Symbol file LoadedFromMemory doesn't match image E:\ProjectGit\VemslikePJ\VemslikePJ\VemsPJ\Library\PackageCache\com.unity.visualscripting@1.7.8\Editor\VisualScripting.Core\Dependencies\DotNetZip\Unity.VisualScripting.IonicZip.dll
Native extension for UWP target not found
Native extension for WindowsStandalone target not found
Native extension for iOS target not found
Native extension for Android target not found
Native extension for WebGL target not found
Refreshing native plugins compatible for Editor in 1.03 ms, found 3 plugins.
Preloading 0 native plugins for Editor in 0.00 ms.
Mono: successfully reloaded assembly
- Completed reload, in  0.882 seconds
Domain Reload Profiling:
	ReloadAssembly (882ms)
		BeginReloadAssembly (140ms)
			ExecutionOrderSort (0ms)
			DisableScriptedObjects (4ms)
			BackupInstance (0ms)
			ReleaseScriptingObjects (0ms)
			CreateAndSetChildDomain (33ms)
		EndReloadAssembly (639ms)
			LoadAssemblies (106ms)
			RebuildTransferFunctionScriptingTraits (0ms)
			SetupTypeCache (219ms)
			ReleaseScriptCaches (1ms)
			RebuildScriptCaches (25ms)
			SetupLoadedEditorAssemblies (284ms)
				LogAssemblyErrors (0ms)
				InitializePlatformSupportModulesInManaged (32ms)
				SetLoadedEditorAssemblies (0ms)
				RefreshPlugins (1ms)
				BeforeProcessingInitializeOnLoad (55ms)
				ProcessInitializeOnLoadAttributes (167ms)
				ProcessInitializeOnLoadMethodAttributes (25ms)
				AfterProcessingInitializeOnLoad (4ms)
				EditorAssembliesLoaded (0ms)
			ExecutionOrderSort2 (0ms)
			AwakeInstancesAfterBackupRestoration (11ms)
Platform modules already initialized, skipping
Refreshing native plugins compatible for Editor in 1.72 ms, found 3 plugins.
Preloading 0 native plugins for Editor in 0.00 ms.
Unloading 3374 Unused Serialized files (Serialized files now loaded: 0)
Unloading 20 unused Assets / (78.2 KB). Loaded Objects now: 3841.
Memory consumption went from 116.1 MB to 116.0 MB.
Total: 2.674800 ms (FindLiveObjects: 0.239700 ms CreateObjectMapping: 0.067300 ms MarkObjects: 2.262200 ms  DeleteObjects: 0.104400 ms)

AssetImportParameters requested are different than current active one (requested -> active):
  custom:video-decoder-ogg-theora: a1e56fd34408186e4bbccfd4996cb3dc -> 
  custom:container-muxer-webm: aa71ff27fc2769a1b78a27578f13a17b -> 
  custom:container-demuxer-webm: 4f35f7cbe854078d1ac9338744f61a02 -> 
  custom:video-encoder-webm-vp8: eb34c28f22e8b96e1ab97ce403110664 -> 
  custom:audio-encoder-webm-vorbis: bf7c407c2cedff20999df2af8eb42d56 -> 
  custom:framework-win-MediaFoundation: 216162199b28c13a410421893ffa2e32 -> 
  custom:container-demuxer-ogg: 62fdf1f143b41e24485cea50d1cbac27 -> 
  custom:video-decoder-webm-vp8: 9c59270c3fd7afecdb556c50c9e8de78 -> 
  custom:audio-decoder-ogg-vorbis: bf7c407c2cedff20999df2af8eb42d56 -> 
========================================================================
Received Import Request.
  Time since last request: 241.548389 seconds.
  path: Assets/Prefabs/UI/2D Casual UI
  artifactKey: Guid(eea07922793fb45d98e734985805ce9c) Importer(815301076,1909f56bfc062723c751e8b465ee728b)
Start importing Assets/Prefabs/UI/2D Casual UI using Guid(eea07922793fb45d98e734985805ce9c) Importer(815301076,1909f56bfc062723c751e8b465ee728b)  -> (artifact id: '50784e7bda21962322e24e58fb163dc5') in 0.010418 seconds 
========================================================================
Received Prepare
Registering precompiled user dll's ...
Registered in 0.004006 seconds.
Begin MonoManager ReloadAssembly
Symbol file LoadedFromMemory doesn't match image E:\ProjectGit\VemslikePJ\VemslikePJ\VemsPJ\Library\PackageCache\com.unity.visualscripting@1.7.8\Editor\VisualScripting.Core\Dependencies\YamlDotNet\Unity.VisualScripting.YamlDotNet.dll
Symbol file LoadedFromMemory doesn't match image E:\ProjectGit\VemslikePJ\VemslikePJ\VemsPJ\Library\PackageCache\com.unity.visualscripting@1.7.8\Editor\VisualScripting.Core\Dependencies\DotNetZip\Unity.VisualScripting.IonicZip.dll
Native extension for UWP target not found
Native extension for WindowsStandalone target not found
Native extension for iOS target not found
Native extension for Android target not found
Native extension for WebGL target not found
Refreshing native plugins compatible for Editor in 0.63 ms, found 3 plugins.
Preloading 0 native plugins for Editor in 0.00 ms.
Mono: successfully reloaded assembly
- Completed reload, in  0.742 seconds
Domain Reload Profiling:
	ReloadAssembly (742ms)
		BeginReloadAssembly (129ms)
			ExecutionOrderSort (0ms)
			DisableScriptedObjects (4ms)
			BackupInstance (0ms)
			ReleaseScriptingObjects (0ms)
			CreateAndSetChildDomain (36ms)
		EndReloadAssembly (542ms)
			LoadAssemblies (88ms)
			RebuildTransferFunctionScriptingTraits (0ms)
			SetupTypeCache (189ms)
			ReleaseScriptCaches (1ms)
			RebuildScriptCaches (28ms)
			SetupLoadedEditorAssemblies (230ms)
				LogAssemblyErrors (0ms)
				InitializePlatformSupportModulesInManaged (23ms)
				SetLoadedEditorAssemblies (0ms)
				RefreshPlugins (1ms)
				BeforeProcessingInitializeOnLoad (43ms)
				ProcessInitializeOnLoadAttributes (140ms)
				ProcessInitializeOnLoadMethodAttributes (19ms)
				AfterProcessingInitializeOnLoad (2ms)
				EditorAssembliesLoaded (0ms)
			ExecutionOrderSort2 (0ms)
			AwakeInstancesAfterBackupRestoration (11ms)
Platform modules already initialized, skipping
Refreshing native plugins compatible for Editor in 1.36 ms, found 3 plugins.
Preloading 0 native plugins for Editor in 0.00 ms.
Unloading 3374 Unused Serialized files (Serialized files now loaded: 0)
Unloading 20 unused Assets / (78.3 KB). Loaded Objects now: 3844.
Memory consumption went from 116.2 MB to 116.1 MB.
Total: 2.341400 ms (FindLiveObjects: 0.219000 ms CreateObjectMapping: 0.065300 ms MarkObjects: 1.988800 ms  DeleteObjects: 0.067800 ms)

AssetImportParameters requested are different than current active one (requested -> active):
  custom:video-decoder-ogg-theora: a1e56fd34408186e4bbccfd4996cb3dc -> 
  custom:container-muxer-webm: aa71ff27fc2769a1b78a27578f13a17b -> 
  custom:container-demuxer-webm: 4f35f7cbe854078d1ac9338744f61a02 -> 
  custom:video-encoder-webm-vp8: eb34c28f22e8b96e1ab97ce403110664 -> 
  custom:audio-encoder-webm-vorbis: bf7c407c2cedff20999df2af8eb42d56 -> 
  custom:framework-win-MediaFoundation: 216162199b28c13a410421893ffa2e32 -> 
  custom:container-demuxer-ogg: 62fdf1f143b41e24485cea50d1cbac27 -> 
  custom:video-decoder-webm-vp8: 9c59270c3fd7afecdb556c50c9e8de78 -> 
  custom:audio-decoder-ogg-vorbis: bf7c407c2cedff20999df2af8eb42d56 -> 
========================================================================
Received Import Request.
  Time since last request: 5.162605 seconds.
  path: Assets/Prefabs/UI/SlimUI/Fonts
  artifactKey: Guid(2e0b0b7983409494bb8a59037fbfc5a6) Importer(815301076,1909f56bfc062723c751e8b465ee728b)
Start importing Assets/Prefabs/UI/SlimUI/Fonts using Guid(2e0b0b7983409494bb8a59037fbfc5a6) Importer(815301076,1909f56bfc062723c751e8b465ee728b)  -> (artifact id: '98b5f534fac79672c48ef478e76a83a3') in 0.009513 seconds 
========================================================================
Received Import Request.
  Time since last request: 0.231996 seconds.
  path: Assets/Prefabs/UI/SlimUI/Modern Menu 1
  artifactKey: Guid(6c054824b3121b1468656378344f69a1) Importer(815301076,1909f56bfc062723c751e8b465ee728b)
Start importing Assets/Prefabs/UI/SlimUI/Modern Menu 1 using Guid(6c054824b3121b1468656378344f69a1) Importer(815301076,1909f56bfc062723c751e8b465ee728b)  -> (artifact id: 'fc88bdf97a81362f49ae9da8b880cf77') in 0.007721 seconds 
========================================================================
Received Import Request.
  Time since last request: 1.370020 seconds.
  path: Assets/Prefabs/UI/SlimUI/Modern Menu 1/MainMenu.asset
  artifactKey: Guid(e7593116ac2ca3b41a137dfec63d5faf) Importer(815301076,1909f56bfc062723c751e8b465ee728b)
Start importing Assets/Prefabs/UI/SlimUI/Modern Menu 1/MainMenu.asset using Guid(e7593116ac2ca3b41a137dfec63d5faf) Importer(815301076,1909f56bfc062723c751e8b465ee728b)  -> (artifact id: '0a08f53b7598efbcfc2ad78db563e905') in 0.022444 seconds 
========================================================================
Received Import Request.
  Time since last request: 0.929018 seconds.
  path: Assets/Prefabs/UI/SlimUI/Modern Menu 1/Scripts
  artifactKey: Guid(e417b2d8bfe6b964eb44397f0ba98190) Importer(815301076,1909f56bfc062723c751e8b465ee728b)
Start importing Assets/Prefabs/UI/SlimUI/Modern Menu 1/Scripts using Guid(e417b2d8bfe6b964eb44397f0ba98190) Importer(815301076,1909f56bfc062723c751e8b465ee728b)  -> (artifact id: 'df373a1cd4b8260e8ab554386804b7de') in 0.004268 seconds 
========================================================================
Received Import Request.
  Time since last request: 0.725136 seconds.
  path: Assets/Prefabs/UI/SlimUI/Modern Menu 1/Scenes
  artifactKey: Guid(e82ea4333206b0246a696bd002a97d27) Importer(815301076,1909f56bfc062723c751e8b465ee728b)
Start importing Assets/Prefabs/UI/SlimUI/Modern Menu 1/Scenes using Guid(e82ea4333206b0246a696bd002a97d27) Importer(815301076,1909f56bfc062723c751e8b465ee728b)  -> (artifact id: 'ff87ce4a984a06cc6f0cc6629111acbc') in 0.001639 seconds 
========================================================================
Received Import Request.
  Time since last request: 0.668320 seconds.
  path: Assets/Prefabs/UI/SlimUI/Modern Menu 1/Prefabs
  artifactKey: Guid(a3c8c8530def8ba48b88999c4f356b3c) Importer(815301076,1909f56bfc062723c751e8b465ee728b)
Start importing Assets/Prefabs/UI/SlimUI/Modern Menu 1/Prefabs using Guid(a3c8c8530def8ba48b88999c4f356b3c) Importer(815301076,1909f56bfc062723c751e8b465ee728b)  -> (artifact id: '5393c1da35c4e5f6190c1214518c4b1f') in 0.001579 seconds 
========================================================================
Received Import Request.
  Time since last request: 0.224729 seconds.
  path: Assets/Prefabs/UI/SlimUI/Modern Menu 1/Graphics
  artifactKey: Guid(5d609832c6740fb45bad813c275ab225) Importer(815301076,1909f56bfc062723c751e8b465ee728b)
Start importing Assets/Prefabs/UI/SlimUI/Modern Menu 1/Graphics using Guid(5d609832c6740fb45bad813c275ab225) Importer(815301076,1909f56bfc062723c751e8b465ee728b)  -> (artifact id: '2fd6952cd01a79c276bade4c986240fb') in 0.004514 seconds 
========================================================================
Received Import Request.
  Time since last request: 0.310451 seconds.
  path: Assets/Prefabs/UI/SlimUI/Modern Menu 1/Audio
  artifactKey: Guid(4b50df0f5f90270479b4429d268d4598) Importer(815301076,1909f56bfc062723c751e8b465ee728b)
Start importing Assets/Prefabs/UI/SlimUI/Modern Menu 1/Audio using Guid(4b50df0f5f90270479b4429d268d4598) Importer(815301076,1909f56bfc062723c751e8b465ee728b)  -> (artifact id: '198ba45b09ad299b8ab0d4dde87024d0') in 0.004835 seconds 
========================================================================
Received Import Request.
  Time since last request: 4.968784 seconds.
  path: Assets/Prefabs/UI/SlimUI/Modern Menu 1/Graphics/Button Frame WIDE Design 2.png
  artifactKey: Guid(34c33e33d6e30964a917a19b8c187538) Importer(815301076,1909f56bfc062723c751e8b465ee728b)
Start importing Assets/Prefabs/UI/SlimUI/Modern Menu 1/Graphics/Button Frame WIDE Design 2.png using Guid(34c33e33d6e30964a917a19b8c187538) Importer(815301076,1909f56bfc062723c751e8b465ee728b)  -> (artifact id: '030faff5453dfab3eb30d987198dcefa') in 0.141675 seconds 
========================================================================
Received Import Request.
  Time since last request: 0.000017 seconds.
  path: Assets/Prefabs/UI/SlimUI/Modern Menu 1/Graphics/SquareSolid.png
  artifactKey: Guid(8480de0448ee588459c5da29fd196fb0) Importer(815301076,1909f56bfc062723c751e8b465ee728b)
Start importing Assets/Prefabs/UI/SlimUI/Modern Menu 1/Graphics/SquareSolid.png using Guid(8480de0448ee588459c5da29fd196fb0) Importer(815301076,1909f56bfc062723c751e8b465ee728b)  -> (artifact id: '3747bc08b497dea3304d308848f0cf12') in 0.017976 seconds 
========================================================================
Received Import Request.
  Time since last request: 0.000023 seconds.
  path: Assets/Prefabs/UI/SlimUI/Modern Menu 1/Graphics/ButtonHighlighted.png
  artifactKey: Guid(05ef55e5084e1f04fbbefcb2f40b5efd) Importer(815301076,1909f56bfc062723c751e8b465ee728b)
Start importing Assets/Prefabs/UI/SlimUI/Modern Menu 1/Graphics/ButtonHighlighted.png using Guid(05ef55e5084e1f04fbbefcb2f40b5efd) Importer(815301076,1909f56bfc062723c751e8b465ee728b)  -> (artifact id: '8622a43b94938777814fe01f8973899c') in 0.015777 seconds 
========================================================================
Received Import Request.
  Time since last request: 0.000019 seconds.
  path: Assets/Prefabs/UI/SlimUI/Modern Menu 1/Graphics/Panel Frame.png
  artifactKey: Guid(ebf9e47b2a26f544aa2fa9cb3a11190b) Importer(815301076,1909f56bfc062723c751e8b465ee728b)
Start importing Assets/Prefabs/UI/SlimUI/Modern Menu 1/Graphics/Panel Frame.png using Guid(ebf9e47b2a26f544aa2fa9cb3a11190b) Importer(815301076,1909f56bfc062723c751e8b465ee728b)  -> (artifact id: 'd47d99e704816c4dc77d8c34e169c84a') in 0.121858 seconds 
========================================================================
Received Import Request.
  Time since last request: 0.036596 seconds.
  path: Assets/Prefabs/UI/SlimUI/Modern Menu 1/Prefabs/Main_Menu.prefab
  artifactKey: Guid(0a68be1bd13d8694e8d8fe85574ac075) Importer(815301076,1909f56bfc062723c751e8b465ee728b)
Start importing Assets/Prefabs/UI/SlimUI/Modern Menu 1/Prefabs/Main_Menu.prefab using Guid(0a68be1bd13d8694e8d8fe85574ac075) Importer(815301076,1909f56bfc062723c751e8b465ee728b)  -> (artifact id: '06b1664a18857c2eb435905962c27666') in 0.085250 seconds 
========================================================================
Received Import Request.
  Time since last request: 3.148073 seconds.
  path: Assets/Prefabs/UI/SlimUI/Modern Menu 1/Graphics/Cursors/Cursor 2.png
  artifactKey: Guid(c1812a1c719d6f54bb297561a4d9f853) Importer(815301076,1909f56bfc062723c751e8b465ee728b)
Start importing Assets/Prefabs/UI/SlimUI/Modern Menu 1/Graphics/Cursors/Cursor 2.png using Guid(c1812a1c719d6f54bb297561a4d9f853) Importer(815301076,1909f56bfc062723c751e8b465ee728b)  -> (artifact id: '9bc5b56e990a19f67cc1b7307a1af5e3') in 0.012360 seconds 
========================================================================
Received Import Request.
  Time since last request: 0.000023 seconds.
  path: Assets/Prefabs/UI/SlimUI/Modern Menu 1/Graphics/Cursors/Cursor 4.png
  artifactKey: Guid(c37a3cd6aac5ac24d90f974c7e86407a) Importer(815301076,1909f56bfc062723c751e8b465ee728b)
Start importing Assets/Prefabs/UI/SlimUI/Modern Menu 1/Graphics/Cursors/Cursor 4.png using Guid(c37a3cd6aac5ac24d90f974c7e86407a) Importer(815301076,1909f56bfc062723c751e8b465ee728b)  -> (artifact id: 'aba53537815d770c65c7568d14f3a7bc') in 0.009573 seconds 
========================================================================
Received Import Request.
  Time since last request: 0.000029 seconds.
  path: Assets/Prefabs/UI/SlimUI/Modern Menu 1/Graphics/Cursors/Cursor 7.png
  artifactKey: Guid(bb68dcd7f20bb1648895423d047d4252) Importer(815301076,1909f56bfc062723c751e8b465ee728b)
Start importing Assets/Prefabs/UI/SlimUI/Modern Menu 1/Graphics/Cursors/Cursor 7.png using Guid(bb68dcd7f20bb1648895423d047d4252) Importer(815301076,1909f56bfc062723c751e8b465ee728b)  -> (artifact id: 'a98e216cf74029e8d3e00926a9df9ab9') in 0.010305 seconds 
========================================================================
Received Import Request.
  Time since last request: 0.333612 seconds.
  path: Assets/Prefabs/UI/SlimUI/Modern Menu 1/Graphics/Icons/arrow_512x512.png
  artifactKey: Guid(603eabcd71ec55e41be090a50f8b646e) Importer(815301076,1909f56bfc062723c751e8b465ee728b)
Start importing Assets/Prefabs/UI/SlimUI/Modern Menu 1/Graphics/Icons/arrow_512x512.png using Guid(603eabcd71ec55e41be090a50f8b646e) Importer(815301076,1909f56bfc062723c751e8b465ee728b)  -> (artifact id: '5fe4429bb77f7564079467894883fa4a') in 0.021604 seconds 
========================================================================
Received Import Request.
  Time since last request: 0.275252 seconds.
  path: Assets/Prefabs/UI/SlimUI/Modern Menu 1/Graphics/Images/Clean.jpg
  artifactKey: Guid(cbca23d780214e847a8749288f5d510c) Importer(815301076,1909f56bfc062723c751e8b465ee728b)
Start importing Assets/Prefabs/UI/SlimUI/Modern Menu 1/Graphics/Images/Clean.jpg using Guid(cbca23d780214e847a8749288f5d510c) Importer(815301076,1909f56bfc062723c751e8b465ee728b)  -> (artifact id: 'd3b6442ea4f244d5ed40825a591051c9') in 0.021728 seconds 
========================================================================
Received Import Request.
  Time since last request: 0.000016 seconds.
  path: Assets/Prefabs/UI/SlimUI/Modern Menu 1/Graphics/Images/Tech.jpg
  artifactKey: Guid(9ddc3297da4d95b49a3b7282dc1752a6) Importer(815301076,1909f56bfc062723c751e8b465ee728b)
Start importing Assets/Prefabs/UI/SlimUI/Modern Menu 1/Graphics/Images/Tech.jpg using Guid(9ddc3297da4d95b49a3b7282dc1752a6) Importer(815301076,1909f56bfc062723c751e8b465ee728b)  -> (artifact id: 'b417cb104adf6df854a6b2abfe4dd09d') in 0.016667 seconds 
========================================================================
Received Import Request.
  Time since last request: 0.347493 seconds.
  path: Assets/Prefabs/UI/SlimUI/Modern Menu 1/Graphics/New/Button_Frame_Mono.png
  artifactKey: Guid(a8292d7c3170a7348accf3d85c0e7359) Importer(815301076,1909f56bfc062723c751e8b465ee728b)
Start importing Assets/Prefabs/UI/SlimUI/Modern Menu 1/Graphics/New/Button_Frame_Mono.png using Guid(a8292d7c3170a7348accf3d85c0e7359) Importer(815301076,1909f56bfc062723c751e8b465ee728b)  -> (artifact id: '72baff5aadf007ac0d340a51a1fcf6d9') in 0.022601 seconds 
========================================================================
Received Import Request.
  Time since last request: 0.000015 seconds.
  path: Assets/Prefabs/UI/SlimUI/Modern Menu 1/Graphics/New/CornerDetail_Mono.png
  artifactKey: Guid(2f7ad163b654bf74085060307e13db4a) Importer(815301076,1909f56bfc062723c751e8b465ee728b)
Start importing Assets/Prefabs/UI/SlimUI/Modern Menu 1/Graphics/New/CornerDetail_Mono.png using Guid(2f7ad163b654bf74085060307e13db4a) Importer(815301076,1909f56bfc062723c751e8b465ee728b)  -> (artifact id: 'd8b88cd4b4c8f2ee9157b5f22c954b29') in 0.023898 seconds 
========================================================================
Received Import Request.
  Time since last request: 0.000016 seconds.
  path: Assets/Prefabs/UI/SlimUI/Modern Menu 1/Graphics/New/Wide_Mono.png
  artifactKey: Guid(2323cb669376e8c449c3c32670900315) Importer(815301076,1909f56bfc062723c751e8b465ee728b)
Start importing Assets/Prefabs/UI/SlimUI/Modern Menu 1/Graphics/New/Wide_Mono.png using Guid(2323cb669376e8c449c3c32670900315) Importer(815301076,1909f56bfc062723c751e8b465ee728b)  -> (artifact id: 'd6a636bcfd5f4712467dbe5a58b18c4f') in 0.020814 seconds 
========================================================================
Received Import Request.
  Time since last request: 0.000016 seconds.
  path: Assets/Prefabs/UI/SlimUI/Modern Menu 1/Graphics/New/LineDetail_Mono.png
  artifactKey: Guid(05f659001c09bec428a6bf8899b37df6) Importer(815301076,1909f56bfc062723c751e8b465ee728b)
Start importing Assets/Prefabs/UI/SlimUI/Modern Menu 1/Graphics/New/LineDetail_Mono.png using Guid(05f659001c09bec428a6bf8899b37df6) Importer(815301076,1909f56bfc062723c751e8b465ee728b)  -> (artifact id: '0a493e874ab21d42f0e5ccbf61dc5196') in 0.010951 seconds 
========================================================================
Received Import Request.
  Time since last request: 20.042048 seconds.
  path: Assets/Prefabs/UI/SlimUI/Modern Menu 1/Audio/MusicSample.mp3
  artifactKey: Guid(5ae5b4f05aaedda4bb073e24ee777fb3) Importer(815301076,1909f56bfc062723c751e8b465ee728b)
Start importing Assets/Prefabs/UI/SlimUI/Modern Menu 1/Audio/MusicSample.mp3 using Guid(5ae5b4f05aaedda4bb073e24ee777fb3) Importer(815301076,1909f56bfc062723c751e8b465ee728b)  -> (artifact id: '474a27108ad06f538ec1a000a19e82f6') in 0.124507 seconds 
========================================================================
Received Import Request.
  Time since last request: 0.926477 seconds.
  path: Assets/Prefabs/UI/SlimUI/Fonts/LATO-LIGHT SDF.asset
  artifactKey: Guid(2032339f567bde146b32a51cb1425adf) Importer(815301076,1909f56bfc062723c751e8b465ee728b)
Start importing Assets/Prefabs/UI/SlimUI/Fonts/LATO-LIGHT SDF.asset using Guid(2032339f567bde146b32a51cb1425adf) Importer(815301076,1909f56bfc062723c751e8b465ee728b)  -> (artifact id: 'b4bf5d0ffe7495f5130a89fe00bc2112') in 0.035103 seconds 
========================================================================
Received Import Request.
  Time since last request: 0.000024 seconds.
  path: Assets/Prefabs/UI/SlimUI/Fonts/RUBIK-LIGHT SDF.asset
  artifactKey: Guid(0b65c99348f068b49bef5db0bb76a6e4) Importer(815301076,1909f56bfc062723c751e8b465ee728b)
Start importing Assets/Prefabs/UI/SlimUI/Fonts/RUBIK-LIGHT SDF.asset using Guid(0b65c99348f068b49bef5db0bb76a6e4) Importer(815301076,1909f56bfc062723c751e8b465ee728b)  -> (artifact id: '5328edb2972647fb43c7465b967d382d') in 0.019043 seconds 
========================================================================
Received Prepare
Registering precompiled user dll's ...
Registered in 0.003684 seconds.
Begin MonoManager ReloadAssembly
Symbol file LoadedFromMemory doesn't match image E:\ProjectGit\VemslikePJ\VemslikePJ\VemsPJ\Library\PackageCache\com.unity.visualscripting@1.7.8\Editor\VisualScripting.Core\Dependencies\YamlDotNet\Unity.VisualScripting.YamlDotNet.dll
Symbol file LoadedFromMemory doesn't match image E:\ProjectGit\VemslikePJ\VemslikePJ\VemsPJ\Library\PackageCache\com.unity.visualscripting@1.7.8\Editor\VisualScripting.Core\Dependencies\DotNetZip\Unity.VisualScripting.IonicZip.dll
Native extension for UWP target not found
Native extension for WindowsStandalone target not found
Native extension for iOS target not found
Native extension for Android target not found
Native extension for WebGL target not found
Refreshing native plugins compatible for Editor in 0.61 ms, found 3 plugins.
Preloading 0 native plugins for Editor in 0.00 ms.
Mono: successfully reloaded assembly
- Completed reload, in  0.761 seconds
Domain Reload Profiling:
	ReloadAssembly (764ms)
		BeginReloadAssembly (137ms)
			ExecutionOrderSort (0ms)
			DisableScriptedObjects (3ms)
			BackupInstance (0ms)
			ReleaseScriptingObjects (0ms)
			CreateAndSetChildDomain (38ms)
		EndReloadAssembly (560ms)
			LoadAssemblies (96ms)
			RebuildTransferFunctionScriptingTraits (0ms)
			SetupTypeCache (202ms)
			ReleaseScriptCaches (1ms)
			RebuildScriptCaches (26ms)
			SetupLoadedEditorAssemblies (229ms)
				LogAssemblyErrors (0ms)
				InitializePlatformSupportModulesInManaged (23ms)
				SetLoadedEditorAssemblies (0ms)
				RefreshPlugins (1ms)
				BeforeProcessingInitializeOnLoad (43ms)
				ProcessInitializeOnLoadAttributes (137ms)
				ProcessInitializeOnLoadMethodAttributes (23ms)
				AfterProcessingInitializeOnLoad (2ms)
				EditorAssembliesLoaded (0ms)
			ExecutionOrderSort2 (0ms)
			AwakeInstancesAfterBackupRestoration (9ms)
Platform modules already initialized, skipping
Refreshing native plugins compatible for Editor in 1.18 ms, found 3 plugins.
Preloading 0 native plugins for Editor in 0.00 ms.
Unloading 3364 Unused Serialized files (Serialized files now loaded: 0)
Unloading 32 unused Assets / (80.4 KB). Loaded Objects now: 3904.
Memory consumption went from 120.9 MB to 120.8 MB.
Total: 2.781500 ms (FindLiveObjects: 0.245200 ms CreateObjectMapping: 0.150600 ms MarkObjects: 2.300000 ms  DeleteObjects: 0.084800 ms)

AssetImportParameters requested are different than current active one (requested -> active):
  custom:video-decoder-ogg-theora: a1e56fd34408186e4bbccfd4996cb3dc -> 
  custom:container-muxer-webm: aa71ff27fc2769a1b78a27578f13a17b -> 
  custom:container-demuxer-webm: 4f35f7cbe854078d1ac9338744f61a02 -> 
  custom:video-encoder-webm-vp8: eb34c28f22e8b96e1ab97ce403110664 -> 
  custom:audio-encoder-webm-vorbis: bf7c407c2cedff20999df2af8eb42d56 -> 
  custom:framework-win-MediaFoundation: 216162199b28c13a410421893ffa2e32 -> 
  custom:container-demuxer-ogg: 62fdf1f143b41e24485cea50d1cbac27 -> 
  custom:video-decoder-webm-vp8: 9c59270c3fd7afecdb556c50c9e8de78 -> 
  custom:audio-decoder-ogg-vorbis: bf7c407c2cedff20999df2af8eb42d56 -> 
========================================================================
Received Prepare
Registering precompiled user dll's ...
Registered in 0.004110 seconds.
Begin MonoManager ReloadAssembly
Symbol file LoadedFromMemory doesn't match image E:\ProjectGit\VemslikePJ\VemslikePJ\VemsPJ\Library\PackageCache\com.unity.visualscripting@1.7.8\Editor\VisualScripting.Core\Dependencies\YamlDotNet\Unity.VisualScripting.YamlDotNet.dll
Symbol file LoadedFromMemory doesn't match image E:\ProjectGit\VemslikePJ\VemslikePJ\VemsPJ\Library\PackageCache\com.unity.visualscripting@1.7.8\Editor\VisualScripting.Core\Dependencies\DotNetZip\Unity.VisualScripting.IonicZip.dll
Native extension for UWP target not found
Native extension for WindowsStandalone target not found
Native extension for iOS target not found
Native extension for Android target not found
Native extension for WebGL target not found
Refreshing native plugins compatible for Editor in 0.63 ms, found 3 plugins.
Preloading 0 native plugins for Editor in 0.00 ms.
Mono: successfully reloaded assembly
- Completed reload, in  0.755 seconds
Domain Reload Profiling:
	ReloadAssembly (755ms)
		BeginReloadAssembly (134ms)
			ExecutionOrderSort (0ms)
			DisableScriptedObjects (4ms)
			BackupInstance (0ms)
			ReleaseScriptingObjects (0ms)
			CreateAndSetChildDomain (34ms)
		EndReloadAssembly (543ms)
			LoadAssemblies (94ms)
			RebuildTransferFunctionScriptingTraits (0ms)
			SetupTypeCache (191ms)
			ReleaseScriptCaches (1ms)
			RebuildScriptCaches (27ms)
			SetupLoadedEditorAssemblies (228ms)
				LogAssemblyErrors (0ms)
				InitializePlatformSupportModulesInManaged (23ms)
				SetLoadedEditorAssemblies (0ms)
				RefreshPlugins (1ms)
				BeforeProcessingInitializeOnLoad (42ms)
				ProcessInitializeOnLoadAttributes (140ms)
				ProcessInitializeOnLoadMethodAttributes (20ms)
				AfterProcessingInitializeOnLoad (2ms)
				EditorAssembliesLoaded (0ms)
			ExecutionOrderSort2 (0ms)
			AwakeInstancesAfterBackupRestoration (10ms)
Platform modules already initialized, skipping
Refreshing native plugins compatible for Editor in 1.28 ms, found 3 plugins.
Preloading 0 native plugins for Editor in 0.00 ms.
Unloading 3401 Unused Serialized files (Serialized files now loaded: 0)
Unloading 20 unused Assets / (78.2 KB). Loaded Objects now: 3944.
Memory consumption went from 122.1 MB to 122.0 MB.
Total: 2.623000 ms (FindLiveObjects: 0.234300 ms CreateObjectMapping: 0.146900 ms MarkObjects: 2.180400 ms  DeleteObjects: 0.061000 ms)

AssetImportParameters requested are different than current active one (requested -> active):
  custom:video-decoder-ogg-theora: a1e56fd34408186e4bbccfd4996cb3dc -> 
  custom:container-muxer-webm: aa71ff27fc2769a1b78a27578f13a17b -> 
  custom:container-demuxer-webm: 4f35f7cbe854078d1ac9338744f61a02 -> 
  custom:video-encoder-webm-vp8: eb34c28f22e8b96e1ab97ce403110664 -> 
  custom:audio-encoder-webm-vorbis: bf7c407c2cedff20999df2af8eb42d56 -> 
  custom:framework-win-MediaFoundation: 216162199b28c13a410421893ffa2e32 -> 
  custom:container-demuxer-ogg: 62fdf1f143b41e24485cea50d1cbac27 -> 
  custom:video-decoder-webm-vp8: 9c59270c3fd7afecdb556c50c9e8de78 -> 
  custom:audio-decoder-ogg-vorbis: bf7c407c2cedff20999df2af8eb42d56 -> 
