Using pre-set license
Built from '2021.3/staging' branch; Version is '2021.3.5f1 (40eb3a945986) revision 4254522'; Using compiler version '192829333'; Build Type 'Release'
OS: 'Windows 10  (10.0.19044) 64bit Core' Language: 'ko' Physical Memory: 16330 MB
BatchMode: 1, IsHumanControllingUs: 0, StartBugReporterOnCrash: 0, Is64bit: 1, IsPro: 1

COMMAND LINE ARGUMENTS:
D:\Unitys\2021.3.5f1\Editor\Unity.exe
-adb2
-batchMode
-noUpm
-name
AssetImportWorker2
-projectPath
E:/ProjectGit/VemslikePJ/VemslikePJ/VemsPJ
-logFile
Logs/AssetImportWorker2.log
-srvPort
51831
Successfully changed project path to: E:/ProjectGit/VemslikePJ/VemslikePJ/VemsPJ
E:/ProjectGit/VemslikePJ/VemslikePJ/VemsPJ
[UnityMemory] Configuration Parameters - Can be set up in boot.config
    "memorysetup-bucket-allocator-granularity=16"
    "memorysetup-bucket-allocator-bucket-count=8"
    "memorysetup-bucket-allocator-block-size=33554432"
    "memorysetup-bucket-allocator-block-count=8"
    "memorysetup-main-allocator-block-size=16777216"
    "memorysetup-thread-allocator-block-size=16777216"
    "memorysetup-gfx-main-allocator-block-size=16777216"
    "memorysetup-gfx-thread-allocator-block-size=16777216"
    "memorysetup-cache-allocator-block-size=4194304"
    "memorysetup-typetree-allocator-block-size=2097152"
    "memorysetup-profiler-bucket-allocator-granularity=16"
    "memorysetup-profiler-bucket-allocator-bucket-count=8"
    "memorysetup-profiler-bucket-allocator-block-size=33554432"
    "memorysetup-profiler-bucket-allocator-block-count=8"
    "memorysetup-profiler-allocator-block-size=16777216"
    "memorysetup-profiler-editor-allocator-block-size=1048576"
    "memorysetup-temp-allocator-size-main=16777216"
    "memorysetup-job-temp-allocator-block-size=2097152"
    "memorysetup-job-temp-allocator-block-size-background=1048576"
    "memorysetup-job-temp-allocator-reduction-small-platforms=262144"
    "memorysetup-temp-allocator-size-background-worker=32768"
    "memorysetup-temp-allocator-size-job-worker=262144"
    "memorysetup-temp-allocator-size-preload-manager=33554432"
    "memorysetup-temp-allocator-size-nav-mesh-worker=65536"
    "memorysetup-temp-allocator-size-audio-worker=65536"
    "memorysetup-temp-allocator-size-cloud-worker=32768"
    "memorysetup-temp-allocator-size-gi-baking-worker=262144"
    "memorysetup-temp-allocator-size-gfx=262144"
Refreshing native plugins compatible for Editor in 87.57 ms, found 3 plugins.
Preloading 0 native plugins for Editor in 0.00 ms.
Initialize engine version: 2021.3.5f1 (40eb3a945986)
[Subsystems] Discovering subsystems at path D:/Unitys/2021.3.5f1/Editor/Data/Resources/UnitySubsystems
[Subsystems] Discovering subsystems at path E:/ProjectGit/VemslikePJ/VemslikePJ/VemsPJ/Assets
GfxDevice: creating device client; threaded=0; jobified=0
Direct3D:
    Version:  Direct3D 11.0 [level 11.1]
    Renderer: NVIDIA GeForce RTX 3070 (ID=0x2484)
    Vendor:   NVIDIA
    VRAM:     8043 MB
    Driver:   31.0.15.1694
Initialize mono
Mono path[0] = 'D:/Unitys/2021.3.5f1/Editor/Data/Managed'
Mono path[1] = 'D:/Unitys/2021.3.5f1/Editor/Data/MonoBleedingEdge/lib/mono/unityjit-win32'
Mono config path = 'D:/Unitys/2021.3.5f1/Editor/Data/MonoBleedingEdge/etc'
Using monoOptions --debugger-agent=transport=dt_socket,embedding=1,server=y,suspend=n,address=127.0.0.1:56248
Begin MonoManager ReloadAssembly
Registering precompiled unity dll's ...
Register platform support module: D:/Unitys/2021.3.5f1/Editor/Data/PlaybackEngines/WebGLSupport/UnityEditor.WebGL.Extensions.dll
Register platform support module: D:/Unitys/2021.3.5f1/Editor/Data/PlaybackEngines/AndroidPlayer/UnityEditor.Android.Extensions.dll
Register platform support module: D:/Unitys/2021.3.5f1/Editor/Data/PlaybackEngines/iOSSupport/UnityEditor.iOS.Extensions.dll
Register platform support module: D:/Unitys/2021.3.5f1/Editor/Data/PlaybackEngines/WindowsStandaloneSupport/UnityEditor.WindowsStandalone.Extensions.dll
Register platform support module: D:/Unitys/2021.3.5f1/Editor/Data/PlaybackEngines/MetroSupport/UnityEditor.UWP.Extensions.dll
Registered in 0.003583 seconds.
Native extension for UWP target not found
Native extension for WindowsStandalone target not found
[usbmuxd] Start listen thread
[usbmuxd] Listen thread started
Native extension for iOS target not found
Native extension for Android target not found
Native extension for WebGL target not found
Refreshing native plugins compatible for Editor in 61.37 ms, found 3 plugins.
Preloading 0 native plugins for Editor in 0.00 ms.
Mono: successfully reloaded assembly
- Completed reload, in  0.511 seconds
Domain Reload Profiling:
	ReloadAssembly (512ms)
		BeginReloadAssembly (76ms)
			ExecutionOrderSort (0ms)
			DisableScriptedObjects (0ms)
			BackupInstance (0ms)
			ReleaseScriptingObjects (0ms)
			CreateAndSetChildDomain (1ms)
		EndReloadAssembly (358ms)
			LoadAssemblies (77ms)
			RebuildTransferFunctionScriptingTraits (0ms)
			SetupTypeCache (82ms)
			ReleaseScriptCaches (0ms)
			RebuildScriptCaches (19ms)
			SetupLoadedEditorAssemblies (221ms)
				LogAssemblyErrors (0ms)
				InitializePlatformSupportModulesInManaged (48ms)
				SetLoadedEditorAssemblies (0ms)
				RefreshPlugins (61ms)
				BeforeProcessingInitializeOnLoad (1ms)
				ProcessInitializeOnLoadAttributes (74ms)
				ProcessInitializeOnLoadMethodAttributes (37ms)
				AfterProcessingInitializeOnLoad (0ms)
				EditorAssembliesLoaded (0ms)
			ExecutionOrderSort2 (0ms)
			AwakeInstancesAfterBackupRestoration (0ms)
Platform modules already initialized, skipping
Registering precompiled user dll's ...
Registered in 0.004388 seconds.
Begin MonoManager ReloadAssembly
Symbol file LoadedFromMemory doesn't match image E:\ProjectGit\VemslikePJ\VemslikePJ\VemsPJ\Library\PackageCache\com.unity.visualscripting@1.7.8\Editor\VisualScripting.Core\Dependencies\YamlDotNet\Unity.VisualScripting.YamlDotNet.dll
Symbol file LoadedFromMemory doesn't match image E:\ProjectGit\VemslikePJ\VemslikePJ\VemsPJ\Library\PackageCache\com.unity.visualscripting@1.7.8\Editor\VisualScripting.Core\Dependencies\DotNetZip\Unity.VisualScripting.IonicZip.dll
Native extension for UWP target not found
Native extension for WindowsStandalone target not found
Native extension for iOS target not found
Native extension for Android target not found
Native extension for WebGL target not found
Refreshing native plugins compatible for Editor in 0.65 ms, found 3 plugins.
Preloading 0 native plugins for Editor in 0.00 ms.
Mono: successfully reloaded assembly
- Completed reload, in  0.875 seconds
Domain Reload Profiling:
	ReloadAssembly (875ms)
		BeginReloadAssembly (224ms)
			ExecutionOrderSort (0ms)
			DisableScriptedObjects (4ms)
			BackupInstance (0ms)
			ReleaseScriptingObjects (0ms)
			CreateAndSetChildDomain (132ms)
		EndReloadAssembly (573ms)
			LoadAssemblies (95ms)
			RebuildTransferFunctionScriptingTraits (0ms)
			SetupTypeCache (181ms)
			ReleaseScriptCaches (0ms)
			RebuildScriptCaches (35ms)
			SetupLoadedEditorAssemblies (258ms)
				LogAssemblyErrors (0ms)
				InitializePlatformSupportModulesInManaged (17ms)
				SetLoadedEditorAssemblies (0ms)
				RefreshPlugins (1ms)
				BeforeProcessingInitializeOnLoad (58ms)
				ProcessInitializeOnLoadAttributes (159ms)
				ProcessInitializeOnLoadMethodAttributes (21ms)
				AfterProcessingInitializeOnLoad (2ms)
				EditorAssembliesLoaded (0ms)
			ExecutionOrderSort2 (0ms)
			AwakeInstancesAfterBackupRestoration (9ms)
Platform modules already initialized, skipping
========================================================================
Worker process is ready to serve import requests
Launched and connected shader compiler UnityShaderCompiler.exe after 0.09 seconds
Refreshing native plugins compatible for Editor in 0.99 ms, found 3 plugins.
Preloading 0 native plugins for Editor in 0.00 ms.
Unloading 3379 Unused Serialized files (Serialized files now loaded: 0)
Unloading 27 unused Assets / (110.9 KB). Loaded Objects now: 3838.
Memory consumption went from 116.2 MB to 116.1 MB.
Total: 2.690500 ms (FindLiveObjects: 0.231800 ms CreateObjectMapping: 0.124300 ms MarkObjects: 2.238900 ms  DeleteObjects: 0.094400 ms)

AssetImportParameters requested are different than current active one (requested -> active):
  custom:video-decoder-ogg-theora: a1e56fd34408186e4bbccfd4996cb3dc -> 
  custom:container-muxer-webm: aa71ff27fc2769a1b78a27578f13a17b -> 
  custom:container-demuxer-webm: 4f35f7cbe854078d1ac9338744f61a02 -> 
  custom:video-encoder-webm-vp8: eb34c28f22e8b96e1ab97ce403110664 -> 
  custom:audio-encoder-webm-vorbis: bf7c407c2cedff20999df2af8eb42d56 -> 
  custom:framework-win-MediaFoundation: 216162199b28c13a410421893ffa2e32 -> 
  custom:container-demuxer-ogg: 62fdf1f143b41e24485cea50d1cbac27 -> 
  custom:video-decoder-webm-vp8: 9c59270c3fd7afecdb556c50c9e8de78 -> 
  custom:audio-decoder-ogg-vorbis: bf7c407c2cedff20999df2af8eb42d56 -> 
========================================================================
Received Import Request.
  Time since last request: 965326.425916 seconds.
  path: Assets/Prefabs/UI/SlimUI/Modern Menu 1/Graphics/Cursors/Cursor 1.png
  artifactKey: Guid(7825633d016559249ade03ab1979c7b6) Importer(815301076,1909f56bfc062723c751e8b465ee728b)
Start importing Assets/Prefabs/UI/SlimUI/Modern Menu 1/Graphics/Cursors/Cursor 1.png using Guid(7825633d016559249ade03ab1979c7b6) Importer(815301076,1909f56bfc062723c751e8b465ee728b)  -> (artifact id: '84011e984debb7669e4cfdbadc7dd4df') in 0.076270 seconds 
========================================================================
Received Import Request.
  Time since last request: 0.298548 seconds.
  path: Assets/Prefabs/UI/SlimUI/Modern Menu 1/Graphics/Icons/128x128 3D Modern Menu.jpg
  artifactKey: Guid(3d42b5ef33689af43a3e6dccb8b02805) Importer(815301076,1909f56bfc062723c751e8b465ee728b)
Start importing Assets/Prefabs/UI/SlimUI/Modern Menu 1/Graphics/Icons/128x128 3D Modern Menu.jpg using Guid(3d42b5ef33689af43a3e6dccb8b02805) Importer(815301076,1909f56bfc062723c751e8b465ee728b)  -> (artifact id: '46e55df81f0a78654d69fe1a64ca65b3') in 0.015374 seconds 
========================================================================
Received Import Request.
  Time since last request: 0.000018 seconds.
  path: Assets/Prefabs/UI/SlimUI/Modern Menu 1/Graphics/Icons/return_512x512.png
  artifactKey: Guid(bd24f49365315ce4ab078b0114790639) Importer(815301076,1909f56bfc062723c751e8b465ee728b)
Start importing Assets/Prefabs/UI/SlimUI/Modern Menu 1/Graphics/Icons/return_512x512.png using Guid(bd24f49365315ce4ab078b0114790639) Importer(815301076,1909f56bfc062723c751e8b465ee728b)  -> (artifact id: '9840c6d94ee9e1a11570419b446b47dc') in 0.047594 seconds 
========================================================================
Received Import Request.
  Time since last request: 0.229456 seconds.
  path: Assets/Prefabs/UI/SlimUI/Modern Menu 1/Graphics/Images/CCP.jpg
  artifactKey: Guid(4b0cde4329362a245865aadf4fe1e112) Importer(815301076,1909f56bfc062723c751e8b465ee728b)
Start importing Assets/Prefabs/UI/SlimUI/Modern Menu 1/Graphics/Images/CCP.jpg using Guid(4b0cde4329362a245865aadf4fe1e112) Importer(815301076,1909f56bfc062723c751e8b465ee728b)  -> (artifact id: '456fc97afb53c17be0e8c2706aa5dc0c') in 0.021320 seconds 
========================================================================
Received Import Request.
  Time since last request: 0.000021 seconds.
  path: Assets/Prefabs/UI/SlimUI/Modern Menu 1/Graphics/Images/Sci-Fi.jpg
  artifactKey: Guid(991871db8652e0741a4736af8151766a) Importer(815301076,1909f56bfc062723c751e8b465ee728b)
Start importing Assets/Prefabs/UI/SlimUI/Modern Menu 1/Graphics/Images/Sci-Fi.jpg using Guid(991871db8652e0741a4736af8151766a) Importer(815301076,1909f56bfc062723c751e8b465ee728b)  -> (artifact id: '0f1088a5c25f169164fe45bafa434759') in 0.022237 seconds 
========================================================================
Received Import Request.
  Time since last request: 0.342963 seconds.
  path: Assets/Prefabs/UI/SlimUI/Modern Menu 1/Graphics/New/Button_Frame_Hover_Mono.png
  artifactKey: Guid(a4fde6e0b21dc224d813ee493157874f) Importer(815301076,1909f56bfc062723c751e8b465ee728b)
Start importing Assets/Prefabs/UI/SlimUI/Modern Menu 1/Graphics/New/Button_Frame_Hover_Mono.png using Guid(a4fde6e0b21dc224d813ee493157874f) Importer(815301076,1909f56bfc062723c751e8b465ee728b)  -> (artifact id: 'cf81ddb25823af08cc08d7c23f891c1f') in 0.029725 seconds 
========================================================================
Received Import Request.
  Time since last request: 0.000018 seconds.
  path: Assets/Prefabs/UI/SlimUI/Modern Menu 1/Graphics/New/Panel_Frame_Mono.png
  artifactKey: Guid(77d3c62c476ec1b4a8057b7591ff68d1) Importer(815301076,1909f56bfc062723c751e8b465ee728b)
Start importing Assets/Prefabs/UI/SlimUI/Modern Menu 1/Graphics/New/Panel_Frame_Mono.png using Guid(77d3c62c476ec1b4a8057b7591ff68d1) Importer(815301076,1909f56bfc062723c751e8b465ee728b)  -> (artifact id: '3139e83adde9afd78b05d5a113c150ad') in 0.104054 seconds 
========================================================================
Received Import Request.
  Time since last request: 14.283920 seconds.
  path: Assets/Prefabs/UI/SlimUI/Modern Menu 1/Prefabs/Buttons/Btn_MainMenu.prefab
  artifactKey: Guid(817319833dd713d45af5c2121e9649c7) Importer(815301076,1909f56bfc062723c751e8b465ee728b)
Start importing Assets/Prefabs/UI/SlimUI/Modern Menu 1/Prefabs/Buttons/Btn_MainMenu.prefab using Guid(817319833dd713d45af5c2121e9649c7) Importer(815301076,1909f56bfc062723c751e8b465ee728b)  -> (artifact id: 'e3c69b2cb1003030b58958f2f3b6d0c9') in 0.035990 seconds 
========================================================================
Received Import Request.
  Time since last request: 5.670566 seconds.
  path: Assets/Prefabs/UI/SlimUI/Modern Menu 1/Audio/Click.mp3
  artifactKey: Guid(1e7a587164fcbef45b40536469e6c432) Importer(815301076,1909f56bfc062723c751e8b465ee728b)
Start importing Assets/Prefabs/UI/SlimUI/Modern Menu 1/Audio/Click.mp3 using Guid(1e7a587164fcbef45b40536469e6c432) Importer(815301076,1909f56bfc062723c751e8b465ee728b)  -> (artifact id: '75ff05ad45ef02d4fa104f722cecaee9') in 0.129871 seconds 
========================================================================
Received Import Request.
  Time since last request: 0.491193 seconds.
  path: Assets/Prefabs/UI/SlimUI/Data/Theme Editor.asset
  artifactKey: Guid(e00c7d2bc58a2424b8dc09ecdafdb067) Importer(815301076,1909f56bfc062723c751e8b465ee728b)
Start importing Assets/Prefabs/UI/SlimUI/Data/Theme Editor.asset using Guid(e00c7d2bc58a2424b8dc09ecdafdb067) Importer(815301076,1909f56bfc062723c751e8b465ee728b)  -> (artifact id: '8a7baaf22bde782166837e1f14fba3a5') in 0.006903 seconds 
========================================================================
Received Import Request.
  Time since last request: 0.419116 seconds.
  path: Assets/Prefabs/UI/SlimUI/Fonts/LATO-BOLD SDF.asset
  artifactKey: Guid(3199409928624324999b9336dd1ed8f3) Importer(815301076,1909f56bfc062723c751e8b465ee728b)
Start importing Assets/Prefabs/UI/SlimUI/Fonts/LATO-BOLD SDF.asset using Guid(3199409928624324999b9336dd1ed8f3) Importer(815301076,1909f56bfc062723c751e8b465ee728b)  -> (artifact id: '0fc3d3835b05ca18b4a05c486ee191d9') in 0.034424 seconds 
========================================================================
Received Import Request.
  Time since last request: 0.000021 seconds.
  path: Assets/Prefabs/UI/SlimUI/Fonts/RUBIK-MEDIUM SDF.asset
  artifactKey: Guid(9d24e6b3ecd1d2b479a31d3d0e7b1f9e) Importer(815301076,1909f56bfc062723c751e8b465ee728b)
Start importing Assets/Prefabs/UI/SlimUI/Fonts/RUBIK-MEDIUM SDF.asset using Guid(9d24e6b3ecd1d2b479a31d3d0e7b1f9e) Importer(815301076,1909f56bfc062723c751e8b465ee728b)  -> (artifact id: 'b0ef89e30112252ddc4ef7efe0d037af') in 0.020116 seconds 
========================================================================
Received Import Request.
  Time since last request: 2.916387 seconds.
  path: Assets/Prefabs/UI/SlimUI/Modern Menu 1/Editor/SlimUIWindow.cs
  artifactKey: Guid(2648ac7eab327b344ae06b184a4286a4) Importer(815301076,1909f56bfc062723c751e8b465ee728b)
Start importing Assets/Prefabs/UI/SlimUI/Modern Menu 1/Editor/SlimUIWindow.cs using Guid(2648ac7eab327b344ae06b184a4286a4) Importer(815301076,1909f56bfc062723c751e8b465ee728b)  -> (artifact id: '3342518fe2b04a82676344fadbbf66f6') in 0.012961 seconds 
========================================================================
Received Prepare
Registering precompiled user dll's ...
Registered in 0.003670 seconds.
Begin MonoManager ReloadAssembly
Symbol file LoadedFromMemory doesn't match image E:\ProjectGit\VemslikePJ\VemslikePJ\VemsPJ\Library\PackageCache\com.unity.visualscripting@1.7.8\Editor\VisualScripting.Core\Dependencies\YamlDotNet\Unity.VisualScripting.YamlDotNet.dll
Symbol file LoadedFromMemory doesn't match image E:\ProjectGit\VemslikePJ\VemslikePJ\VemsPJ\Library\PackageCache\com.unity.visualscripting@1.7.8\Editor\VisualScripting.Core\Dependencies\DotNetZip\Unity.VisualScripting.IonicZip.dll
Native extension for UWP target not found
Native extension for WindowsStandalone target not found
Native extension for iOS target not found
Native extension for Android target not found
Native extension for WebGL target not found
Refreshing native plugins compatible for Editor in 0.62 ms, found 3 plugins.
Preloading 0 native plugins for Editor in 0.00 ms.
Mono: successfully reloaded assembly
- Completed reload, in  0.776 seconds
Domain Reload Profiling:
	ReloadAssembly (777ms)
		BeginReloadAssembly (129ms)
			ExecutionOrderSort (0ms)
			DisableScriptedObjects (3ms)
			BackupInstance (0ms)
			ReleaseScriptingObjects (0ms)
			CreateAndSetChildDomain (34ms)
		EndReloadAssembly (577ms)
			LoadAssemblies (92ms)
			RebuildTransferFunctionScriptingTraits (0ms)
			SetupTypeCache (206ms)
			ReleaseScriptCaches (1ms)
			RebuildScriptCaches (26ms)
			SetupLoadedEditorAssemblies (242ms)
				LogAssemblyErrors (0ms)
				InitializePlatformSupportModulesInManaged (29ms)
				SetLoadedEditorAssemblies (0ms)
				RefreshPlugins (1ms)
				BeforeProcessingInitializeOnLoad (46ms)
				ProcessInitializeOnLoadAttributes (141ms)
				ProcessInitializeOnLoadMethodAttributes (23ms)
				AfterProcessingInitializeOnLoad (2ms)
				EditorAssembliesLoaded (0ms)
			ExecutionOrderSort2 (0ms)
			AwakeInstancesAfterBackupRestoration (9ms)
Platform modules already initialized, skipping
Refreshing native plugins compatible for Editor in 1.42 ms, found 3 plugins.
Preloading 0 native plugins for Editor in 0.00 ms.
Unloading 3364 Unused Serialized files (Serialized files now loaded: 0)
Unloading 29 unused Assets / (78.2 KB). Loaded Objects now: 3888.
Memory consumption went from 120.6 MB to 120.5 MB.
Total: 2.705000 ms (FindLiveObjects: 0.232300 ms CreateObjectMapping: 0.135100 ms MarkObjects: 2.251400 ms  DeleteObjects: 0.085500 ms)

AssetImportParameters requested are different than current active one (requested -> active):
  custom:video-decoder-ogg-theora: a1e56fd34408186e4bbccfd4996cb3dc -> 
  custom:container-muxer-webm: aa71ff27fc2769a1b78a27578f13a17b -> 
  custom:container-demuxer-webm: 4f35f7cbe854078d1ac9338744f61a02 -> 
  custom:video-encoder-webm-vp8: eb34c28f22e8b96e1ab97ce403110664 -> 
  custom:audio-encoder-webm-vorbis: bf7c407c2cedff20999df2af8eb42d56 -> 
  custom:framework-win-MediaFoundation: 216162199b28c13a410421893ffa2e32 -> 
  custom:container-demuxer-ogg: 62fdf1f143b41e24485cea50d1cbac27 -> 
  custom:video-decoder-webm-vp8: 9c59270c3fd7afecdb556c50c9e8de78 -> 
  custom:audio-decoder-ogg-vorbis: bf7c407c2cedff20999df2af8eb42d56 -> 
========================================================================
Received Import Request.
  Time since last request: 82.964805 seconds.
  path: Assets/Prefabs/UI/2D Casual UI/Sprite
  artifactKey: Guid(e768493ddca804421b25bd6727f9c844) Importer(815301076,1909f56bfc062723c751e8b465ee728b)
Start importing Assets/Prefabs/UI/2D Casual UI/Sprite using Guid(e768493ddca804421b25bd6727f9c844) Importer(815301076,1909f56bfc062723c751e8b465ee728b)  -> (artifact id: '723700a8e98a45a19dbd86d2c63843c7') in 0.009962 seconds 
========================================================================
Received Import Request.
  Time since last request: 3.490419 seconds.
  path: Assets/Prefabs/UI/2D Casual UI/Original Artwork
  artifactKey: Guid(340aa2cbeb80a4c48846c87c039e46a1) Importer(815301076,1909f56bfc062723c751e8b465ee728b)
Start importing Assets/Prefabs/UI/2D Casual UI/Original Artwork using Guid(340aa2cbeb80a4c48846c87c039e46a1) Importer(815301076,1909f56bfc062723c751e8b465ee728b)  -> (artifact id: '64de3e2634690474b126bce5e28209dd') in 0.005139 seconds 
========================================================================
Received Import Request.
  Time since last request: 0.364094 seconds.
  path: Assets/Prefabs/UI/2D Casual UI/Sprite/GUI.png
  artifactKey: Guid(1eaee135ce037439d925cee5e41ce026) Importer(815301076,1909f56bfc062723c751e8b465ee728b)
Start importing Assets/Prefabs/UI/2D Casual UI/Sprite/GUI.png using Guid(1eaee135ce037439d925cee5e41ce026) Importer(815301076,1909f56bfc062723c751e8b465ee728b)  -> (artifact id: '2dc0c6e4a4f5f85ab4e1117cd52f77d1') in 0.258287 seconds 
========================================================================
Received Import Request.
  Time since last request: 5.730762 seconds.
  path: Assets/Prefabs/UI/2D Casual UI/Original Artwork/GUI.psd
  artifactKey: Guid(836eca08b5e3b4550a4538c2238266fd) Importer(815301076,1909f56bfc062723c751e8b465ee728b)
Start importing Assets/Prefabs/UI/2D Casual UI/Original Artwork/GUI.psd using Guid(836eca08b5e3b4550a4538c2238266fd) Importer(815301076,1909f56bfc062723c751e8b465ee728b)  -> (artifact id: 'b3651cdbda22e800e04ec62b32261ad3') in 0.129047 seconds 
========================================================================
Received Prepare
Registering precompiled user dll's ...
Registered in 0.003753 seconds.
Begin MonoManager ReloadAssembly
Symbol file LoadedFromMemory doesn't match image E:\ProjectGit\VemslikePJ\VemslikePJ\VemsPJ\Library\PackageCache\com.unity.visualscripting@1.7.8\Editor\VisualScripting.Core\Dependencies\YamlDotNet\Unity.VisualScripting.YamlDotNet.dll
Symbol file LoadedFromMemory doesn't match image E:\ProjectGit\VemslikePJ\VemslikePJ\VemsPJ\Library\PackageCache\com.unity.visualscripting@1.7.8\Editor\VisualScripting.Core\Dependencies\DotNetZip\Unity.VisualScripting.IonicZip.dll
Native extension for UWP target not found
Native extension for WindowsStandalone target not found
Native extension for iOS target not found
Native extension for Android target not found
Native extension for WebGL target not found
Refreshing native plugins compatible for Editor in 0.65 ms, found 3 plugins.
Preloading 0 native plugins for Editor in 0.00 ms.
Mono: successfully reloaded assembly
- Completed reload, in  0.764 seconds
Domain Reload Profiling:
	ReloadAssembly (764ms)
		BeginReloadAssembly (132ms)
			ExecutionOrderSort (0ms)
			DisableScriptedObjects (4ms)
			BackupInstance (0ms)
			ReleaseScriptingObjects (0ms)
			CreateAndSetChildDomain (37ms)
		EndReloadAssembly (558ms)
			LoadAssemblies (91ms)
			RebuildTransferFunctionScriptingTraits (0ms)
			SetupTypeCache (196ms)
			ReleaseScriptCaches (1ms)
			RebuildScriptCaches (35ms)
			SetupLoadedEditorAssemblies (228ms)
				LogAssemblyErrors (0ms)
				InitializePlatformSupportModulesInManaged (23ms)
				SetLoadedEditorAssemblies (0ms)
				RefreshPlugins (1ms)
				BeforeProcessingInitializeOnLoad (42ms)
				ProcessInitializeOnLoadAttributes (141ms)
				ProcessInitializeOnLoadMethodAttributes (19ms)
				AfterProcessingInitializeOnLoad (2ms)
				EditorAssembliesLoaded (0ms)
			ExecutionOrderSort2 (0ms)
			AwakeInstancesAfterBackupRestoration (10ms)
Platform modules already initialized, skipping
Refreshing native plugins compatible for Editor in 1.36 ms, found 3 plugins.
Preloading 0 native plugins for Editor in 0.00 ms.
Unloading 3401 Unused Serialized files (Serialized files now loaded: 0)
Unloading 20 unused Assets / (78.2 KB). Loaded Objects now: 4049.
Memory consumption went from 121.9 MB to 121.9 MB.
Total: 2.557200 ms (FindLiveObjects: 0.267100 ms CreateObjectMapping: 0.068800 ms MarkObjects: 2.136400 ms  DeleteObjects: 0.084100 ms)

AssetImportParameters requested are different than current active one (requested -> active):
  custom:video-decoder-ogg-theora: a1e56fd34408186e4bbccfd4996cb3dc -> 
  custom:container-muxer-webm: aa71ff27fc2769a1b78a27578f13a17b -> 
  custom:container-demuxer-webm: 4f35f7cbe854078d1ac9338744f61a02 -> 
  custom:video-encoder-webm-vp8: eb34c28f22e8b96e1ab97ce403110664 -> 
  custom:audio-encoder-webm-vorbis: bf7c407c2cedff20999df2af8eb42d56 -> 
  custom:framework-win-MediaFoundation: 216162199b28c13a410421893ffa2e32 -> 
  custom:container-demuxer-ogg: 62fdf1f143b41e24485cea50d1cbac27 -> 
  custom:video-decoder-webm-vp8: 9c59270c3fd7afecdb556c50c9e8de78 -> 
  custom:audio-decoder-ogg-vorbis: bf7c407c2cedff20999df2af8eb42d56 -> 
========================================================================
Received Import Request.
  Time since last request: 54.419302 seconds.
  path: Assets/Prefabs/UI/2D Casual UI/Sprite/GUI.png
  artifactKey: Guid(1eaee135ce037439d925cee5e41ce026) Importer(815301076,1909f56bfc062723c751e8b465ee728b)
Start importing Assets/Prefabs/UI/2D Casual UI/Sprite/GUI.png using Guid(1eaee135ce037439d925cee5e41ce026) Importer(815301076,1909f56bfc062723c751e8b465ee728b)  -> (artifact id: '5b92a3e520f9b5c8d9b7d30e975de217') in 0.245672 seconds 
